<?xml version="1.0" encoding="UTF-8" ?>
<testsuite tests="2" failures="0" name="TestSuite" time="10.043" errors="0" skipped="0">
  <properties>
    <property name="PROCESSOR_ARCHITECTURE" value="AMD64"/>
    <property name="file.encoding.pkg" value="sun.io"/>
    <property name="LOGONSERVER" value="\\PC-20181022YGJJ"/>
    <property name="ProgramData" value="C:\ProgramData"/>
    <property name="java.home" value="D:\install\JDK\JDK\jre"/>
    <property name="TITLE" value="Tomcat"/>
    <property name="NODE_NAME" value="master"/>
    <property name="JENKINS_URL" value="http://localhost:8080/jenkins/"/>
    <property name="CATALINA_HOME" value="D:\install\Tomcat\apache-tomcat-9.0.27-windows-x64\apache-tomcat-9.0.27"/>
    <property name="ALLUSERSPROFILE" value="C:\ProgramData"/>
    <property name="java.endorsed.dirs" value="D:\install\JDK\JDK\jre\lib\endorsed"/>
    <property name="PSModulePath" value="C:\Windows\system32\WindowsPowerShell\v1.0\Modules\"/>
    <property name="USERDOMAIN" value="PC-20181022YGJJ"/>
    <property name="sun.os.patch.level" value="Service Pack 1"/>
    <property name="java.vendor.url" value="http://java.oracle.com/"/>
    <property name="JAVA_OPTS" value=" -Djdk.tls.ephemeralDHKeySize=2048 -Djava.protocol.handler.pkgs=org.apache.catalina.webresources"/>
    <property name="CommonProgramFiles(x86)" value="C:\Program Files (x86)\Common Files"/>
    <property name="java.version" value="1.8.0_152"/>
    <property name="QT_DEVICE_PIXEL_RATIO" value="auto"/>
    <property name="JOB_NAME" value="WebDriverDemo1"/>
    <property name="COMPUTERNAME" value="PC-20181022YGJJ"/>
    <property name="windows_tracing_logfile" value="C:\BVTBin\Tests\installpackage\csilogfile.log"/>
    <property name="EXECUTABLE" value="D:\install\Tomcat\apache-tomcat-9.0.27-windows-x64\apache-tomcat-9.0.27\bin\catalina.bat"/>
    <property name="java.vendor.url.bug" value="http://bugreport.sun.com/bugreport/"/>
    <property name="PUBLIC" value="C:\Users\Public"/>
    <property name="user.name" value="Administrator"/>
    <property name="sun.io.unicode.encoding" value="UnicodeLittle"/>
    <property name="sun.jnu.encoding" value="GBK"/>
    <property name="java.runtime.name" value="Java(TM) SE Runtime Environment"/>
    <property name="windir" value="C:\Windows"/>
    <property name="PROCESSOR_IDENTIFIER" value="Intel64 Family 6 Model 58 Stepping 9, GenuineIntel"/>
    <property name="java.specification.name" value="Java Platform API Specification"/>
    <property name="LOCALAPPDATA" value="C:\Users\Administrator\AppData\Local"/>
    <property name="RUN_CHANGES_DISPLAY_URL" value="http://localhost:8080/jenkins/job/WebDriverDemo1/6/display/redirect?page=changes"/>
    <property name="user.timezone" value="Asia/Shanghai"/>
    <property name="user.script" value=""/>
    <property name="path.separator" value=";"/>
    <property name="NUMBER_OF_PROCESSORS" value="4"/>
    <property name="BUILD_TAG" value="jenkins-WebDriverDemo1-6"/>
    <property name="windows_tracing_flags" value="3"/>
    <property name="file.encoding" value="GBK"/>
    <property name="sun.java.command" value="jenkins.maven3.agent.Maven35Main D:\install\maven\apache-maven-3.6.2-bin\apache-maven-3.6.2 D:\install\Tomcat\apache-tomcat-9.0.27-windows-x64\apache-tomcat-9.0.27\webapps\jenkins\WEB-INF\lib\remoting-3.33.jar C:\Users\Administrator\.jenkins\plugins\maven-plugin\WEB-INF\lib\maven35-interceptor-1.13.jar C:\Users\Administrator\.jenkins\plugins\maven-plugin\WEB-INF\lib\maven3-interceptor-commons-1.13.jar 57370"/>
    <property name="HUDSON_URL" value="http://localhost:8080/jenkins/"/>
    <property name="JENKINS_SERVER_COOKIE" value="5a00236b2c263b7a"/>
    <property name="=D:" value="D:\install\Tomcat\apache-tomcat-9.0.27-windows-x64\apache-tomcat-9.0.27\bin"/>
    <property name="EXECUTOR_NUMBER" value="0"/>
    <property name="Path" value="D:\install\JDK\JDK\bin;D:\install\JDK\JDK\jre\bin;D:\install\maven\apache-maven-3.1.0\bin;C:\Windows\system32;C:\Windows;C:\Windows\system32\wbem;D:\install\vsCode\Microsoft VS Code\bin;D:\install\git\Git\cmd;D:\install\git\TortoiseGit_install\bin"/>
    <property name="java.io.tmpdir" value="C:\Users\ADMINI~1\AppData\Local\Temp\"/>
    <property name="APPDATA" value="C:\Users\Administrator\AppData\Roaming"/>
    <property name="user.language" value="zh"/>
    <property name="CATALINA_TMPDIR" value="D:\install\Tomcat\apache-tomcat-9.0.27-windows-x64\apache-tomcat-9.0.27\temp"/>
    <property name="line.separator" value="
"/>
    <property name="BUILD_URL" value="http://localhost:8080/jenkins/job/WebDriverDemo1/6/"/>
    <property name="ACTION" value="start"/>
    <property name="M2_HOME" value="D:\install\maven\apache-maven-3.6.2-bin\apache-maven-3.6.2"/>
    <property name="java.vm.info" value="mixed mode"/>
    <property name="sun.desktop" value="windows"/>
    <property name="java.vm.specification.name" value="Java Virtual Machine Specification"/>
    <property name="BUILD_DISPLAY_NAME" value="#6"/>
    <property name="OS" value="Windows_NT"/>
    <property name="guice.disable.misplaced.annotation.check" value="true"/>
    <property name="CATALINA_BASE" value="D:\install\Tomcat\apache-tomcat-9.0.27-windows-x64\apache-tomcat-9.0.27"/>
    <property name="HUDSON_SERVER_COOKIE" value="5a00236b2c263b7a"/>
    <property name="JRE_HOME" value="D:\install\JDK\JDK"/>
    <property name="_EXECJAVA" value="start &quot;Tomcat&quot; &quot;D:\install\JDK\JDK\bin\java.exe&quot;"/>
    <property name="_RUNJAVA" value="&quot;D:\install\JDK\JDK\bin\java.exe&quot;"/>
    <property name="MAVEN_HOME" value="D:\install\maven\apache-maven-3.6.2-bin\apache-maven-3.6.2"/>
    <property name="SESSIONNAME" value="Console"/>
    <property name="PATHEXT" value=".COM;.EXE;.BAT;.CMD;.VBS;.VBE;.JS;.JSE;.WSF;.WSH;.MSC"/>
    <property name="java.awt.printerjob" value="sun.awt.windows.WPrinterJob"/>
    <property name="maven3.interceptor.common" value="C:\Users\Administrator\.jenkins\plugins\maven-plugin\WEB-INF\lib\maven3-interceptor-commons-1.13.jar"/>
    <property name="CLASSPATH" value=""/>
    <property name="LOGGING_CONFIG" value="-Djava.util.logging.config.file=&quot;D:\install\Tomcat\apache-tomcat-9.0.27-windows-x64\apache-tomcat-9.0.27\conf\logging.properties&quot;"/>
    <property name="MVN_HOME" value="D:\install\maven\apache-maven-3.1.0"/>
    <property name="HOMEPATH" value="\Users\Administrator"/>
    <property name="os.name" value="Windows 7"/>
    <property name="java.specification.vendor" value="Oracle Corporation"/>
    <property name="FP_NO_HOST_CHECK" value="NO"/>
    <property name="java.vm.name" value="Java HotSpot(TM) 64-Bit Server VM"/>
    <property name="BUILD_NUMBER" value="6"/>
    <property name="maven3.interceptor" value="C:\Users\Administrator\.jenkins\plugins\maven-plugin\WEB-INF\lib\maven35-interceptor-1.13.jar"/>
    <property name="java.library.path" value="D:\install\JDK\JDK\bin;C:\Windows\Sun\Java\bin;C:\Windows\system32;C:\Windows;D:\install\maven\apache-maven-3.6.2-bin\apache-maven-3.6.2/bin;D:\install\JDK\JDK\bin;D:\install\JDK\JDK\jre\bin;D:\install\maven\apache-maven-3.1.0\bin;C:\Windows\system32;C:\Windows;C:\Windows\system32\wbem;D:\install\vsCode\Microsoft VS Code\bin;D:\install\git\Git\cmd;D:\install\git\TortoiseGit_install\bin;."/>
    <property name="HOMEDRIVE" value="C:"/>
    <property name="POM_GROUPID" value="WEBtest"/>
    <property name="POM_ARTIFACTID" value="WEBtest"/>
    <property name="java.class.version" value="52.0"/>
    <property name="JSSE_OPTS" value="-Djdk.tls.ephemeralDHKeySize=2048"/>
    <property name="LOGGING_MANAGER" value="-Djava.util.logging.manager=org.apache.juli.ClassLoaderLogManager"/>
    <property name="_RUNJDB" value="&quot;D:\install\JDK\JDK\bin\jdb.exe&quot;"/>
    <property name="JOB_URL" value="http://localhost:8080/jenkins/job/WebDriverDemo1/"/>
    <property name="RUN_DISPLAY_URL" value="http://localhost:8080/jenkins/job/WebDriverDemo1/6/display/redirect"/>
    <property name="MAINCLASS" value="org.apache.catalina.startup.Bootstrap"/>
    <property name="JENKINS_HOME" value="C:\Users\Administrator\.jenkins"/>
    <property name="BUILD_ID" value="6"/>
    <property name="TEMP" value="C:\Users\ADMINI~1\AppData\Local\Temp"/>
    <property name="sun.boot.library.path" value="D:\install\JDK\JDK\jre\bin"/>
    <property name="JDK_JAVA_OPTIONS" value=" --add-opens=java.base/java.lang=ALL-UNNAMED --add-opens=java.base/java.io=ALL-UNNAMED --add-opens=java.rmi/sun.rmi.transport=ALL-UNNAMED"/>
    <property name="sun.management.compiler" value="HotSpot 64-Bit Tiered Compilers"/>
    <property name="java.awt.graphicsenv" value="sun.awt.Win32GraphicsEnvironment"/>
    <property name="user.variant" value=""/>
    <property name="PROCESSOR_REVISION" value="3a09"/>
    <property name="POM_VERSION" value="1.0-SNAPSHOT"/>
    <property name="_DFX_INSTALL_UNSIGNED_DRIVER" value="1"/>
    <property name="HUDSON_HOME" value="C:\Users\Administrator\.jenkins"/>
    <property name="ProgramFiles(x86)" value="C:\Program Files (x86)"/>
    <property name="PATH+MAVEN" value="D:\install\maven\apache-maven-3.6.2-bin\apache-maven-3.6.2/bin"/>
    <property name="PROMPT" value="$P$G"/>
    <property name="CURRENT_DIR" value="D:\install\Tomcat\apache-tomcat-9.0.27-windows-x64\apache-tomcat-9.0.27\bin"/>
    <property name="java.vm.specification.version" value="1.8"/>
    <property name="JAVA_HOME" value="D:\install\JDK\JDK"/>
    <property name="awt.toolkit" value="sun.awt.windows.WToolkit"/>
    <property name="NODE_LABELS" value="master"/>
    <property name="sun.cpu.isalist" value="amd64"/>
    <property name="USERPROFILE" value="C:\Users\Administrator"/>
    <property name="JOB_DISPLAY_URL" value="http://localhost:8080/jenkins/job/WebDriverDemo1/display/redirect"/>
    <property name="java.ext.dirs" value="D:\install\JDK\JDK\jre\lib\ext;C:\Windows\Sun\Java\lib\ext"/>
    <property name="os.version" value="6.1"/>
    <property name="user.home" value="C:\Users\Administrator"/>
    <property name="USERNAME" value="Administrator"/>
    <property name="java.vm.vendor" value="Oracle Corporation"/>
    <property name="PROCESSOR_LEVEL" value="6"/>
    <property name="CommonProgramW6432" value="C:\Program Files\Common Files"/>
    <property name="user.dir" value="E:\WEBtest"/>
    <property name="maven.conf" value="D:\install\maven\apache-maven-3.6.2-bin\apache-maven-3.6.2\conf"/>
    <property name="ProgramW6432" value="C:\Program Files"/>
    <property name="TMP" value="C:\Users\ADMINI~1\AppData\Local\Temp"/>
    <property name="sun.cpu.endian" value="little"/>
    <property name="SystemDrive" value="C:"/>
    <property name="java.vm.version" value="25.152-b16"/>
    <property name="java.class.path" value="C:\Users\Administrator\.jenkins\plugins\maven-plugin\WEB-INF\lib\maven35-agent-1.13.jar;D:\install\maven\apache-maven-3.6.2-bin\apache-maven-3.6.2\boot\plexus-classworlds-2.6.0.jar;D:\install\maven\apache-maven-3.6.2-bin\apache-maven-3.6.2/conf/logging"/>
    <property name="org.slf4j.simpleLogger.defaultLogLevel" value="info"/>
    <property name="os.arch" value="amd64"/>
    <property name="WORKSPACE" value="C:\Users\Administrator\.jenkins\workspace\WebDriverDemo1"/>
    <property name="ComSpec" value="C:\Windows\system32\cmd.exe"/>
    <property name="sun.java.launcher" value="SUN_STANDARD"/>
    <property name="SystemRoot" value="C:\Windows"/>
    <property name="CommonProgramFiles" value="C:\Program Files\Common Files"/>
    <property name="java.vm.specification.vendor" value="Oracle Corporation"/>
    <property name="file.separator" value="\"/>
    <property name="java.runtime.version" value="1.8.0_152-b16"/>
    <property name="ProgramFiles" value="C:\Program Files"/>
    <property name="sun.boot.class.path" value="D:\install\JDK\JDK\jre\lib\resources.jar;D:\install\JDK\JDK\jre\lib\rt.jar;D:\install\JDK\JDK\jre\lib\sunrsasign.jar;D:\install\JDK\JDK\jre\lib\jsse.jar;D:\install\JDK\JDK\jre\lib\jce.jar;D:\install\JDK\JDK\jre\lib\charsets.jar;D:\install\JDK\JDK\jre\lib\jfr.jar;D:\install\JDK\JDK\jre\classes"/>
    <property name="TOMCAT_HOME" value="D:\install\Tomcat\apache-tomcat-8.5.23\bin"/>
    <property name="user.country" value="CN"/>
    <property name="POM_PACKAGING" value="jar"/>
    <property name="maven.home" value="D:\install\maven\apache-maven-3.6.2-bin\apache-maven-3.6.2"/>
    <property name="ENDORSED_PROP" value="ignore.endorsed.dirs"/>
    <property name="JOB_BASE_NAME" value="WebDriverDemo1"/>
    <property name="java.vendor" value="Oracle Corporation"/>
    <property name="POM_DISPLAYNAME" value="WEBtest"/>
    <property name="java.specification.version" value="1.8"/>
    <property name="sun.arch.data.model" value="64"/>
  </properties>
  <testcase classname="MavenEX.day1.TestNG" name="testCase1" time="5.005"/>
  <testcase classname="MavenEX.day1.TestNG" name="testCase2" time="5.038"/>
</testsuite>